2024-08-09 07:36:02,693 - INFO - clean up div
2024-08-09 07:36:02,761 - INFO - clean up div
2024-08-09 07:36:02,797 - INFO - clean up div
2024-08-09 07:36:02,861 - INFO - clean up div
2024-08-09 07:36:02,936 - INFO - clean up div
2024-08-09 07:36:03,001 - INFO - clean up div
2024-08-09 07:36:03,047 - INFO - clean up div
2024-08-09 07:36:03,125 - INFO - clean up div
2024-08-09 07:36:03,172 - INFO - clean up div
2024-08-09 07:36:03,257 - INFO - clean up div
2024-08-09 07:36:03,304 - INFO - clean up div
2024-08-09 07:36:03,361 - INFO - clean up div
2024-08-09 07:36:03,413 - INFO - clean up div
2024-08-09 07:36:03,456 - INFO - clean up div
2024-08-09 07:36:03,496 - INFO - clean up div
2024-08-09 07:36:03,552 - INFO - clean up div
2024-08-09 07:36:03,592 - INFO - clean up div
2024-08-09 07:36:03,628 - INFO - clean up div
2024-08-09 07:36:03,675 - INFO - clean up div
2024-08-09 07:36:03,724 - INFO - clean up div
2024-08-09 07:36:03,776 - INFO - clean up div
2024-08-09 07:36:03,831 - INFO - clean up div
2024-08-09 07:36:03,881 - INFO - clean up div
2024-08-09 07:36:03,921 - INFO - clean up div
2024-08-09 07:36:03,968 - INFO - clean up div
2024-08-09 07:36:04,013 - INFO - clean up div
2024-08-09 07:36:04,062 - INFO - clean up div
2024-08-09 07:36:04,108 - INFO - clean up div
2024-08-09 07:36:04,163 - INFO - clean up div
2024-08-09 07:36:04,216 - INFO - clean up div
2024-08-09 07:36:04,271 - INFO - clean up div
2024-08-09 07:36:04,320 - INFO - clean up div
2024-08-09 07:36:04,372 - INFO - clean up div
2024-08-09 07:36:04,413 - INFO - clean up div
2024-08-09 07:36:04,454 - INFO - clean up div
2024-08-09 07:36:04,489 - INFO - clean up div
2024-08-09 07:36:04,606 - INFO - clean up div
2024-08-09 07:36:04,650 - INFO - clean up div
2024-08-09 07:36:04,783 - INFO - clean up div
2024-08-09 07:36:04,863 - INFO - clean up div
2024-08-09 07:36:04,900 - INFO - clean up div
2024-08-09 07:36:04,953 - INFO - clean up div
2024-08-09 07:36:05,111 - INFO - clean up div
2024-08-09 07:36:05,239 - INFO - clean up div
2024-08-09 07:36:05,280 - INFO - clean up div
2024-08-09 07:36:05,318 - INFO - clean up div
2024-08-09 07:36:05,420 - INFO - clean up div
2024-08-09 07:36:05,461 - INFO - clean up div
2024-08-09 07:36:05,572 - INFO - clean up div
2024-08-09 07:36:05,618 - INFO - clean up div
2024-08-09 07:36:05,664 - INFO - clean up div
2024-08-09 07:36:05,703 - INFO - clean up div
2024-08-09 07:36:05,752 - INFO - clean up div
2024-08-09 07:36:05,805 - INFO - clean up div
2024-08-09 07:36:05,846 - INFO - clean up div
2024-08-09 07:36:05,915 - INFO - clean up div
2024-08-09 07:36:06,462 - INFO - clean up div
2024-08-09 07:36:06,511 - INFO - clean up div
2024-08-09 07:36:06,595 - INFO - clean up div
2024-08-09 07:36:06,631 - INFO - clean up div
2024-08-09 07:36:06,685 - INFO - clean up div
2024-08-09 07:36:06,810 - INFO - clean up div
2024-08-09 07:36:06,904 - INFO - clean up div
2024-08-09 07:36:06,941 - INFO - clean up div
2024-08-09 07:36:06,990 - INFO - clean up div
2024-08-09 07:36:07,028 - INFO - clean up div
2024-08-09 07:36:07,075 - INFO - clean up div
2024-08-09 07:36:07,126 - INFO - clean up div
2024-08-09 07:36:07,164 - INFO - clean up div
2024-08-09 07:36:07,201 - INFO - clean up div
2024-08-09 07:36:07,271 - INFO - clean up div
2024-08-09 07:36:07,351 - INFO - clean up div
2024-08-09 07:36:07,390 - INFO - clean up div
2024-08-09 07:36:07,437 - INFO - clean up div
2024-08-09 07:36:07,479 - INFO - clean up div
2024-08-09 07:36:07,514 - INFO - clean up div
2024-08-09 07:36:07,555 - INFO - clean up div
2024-08-09 07:36:07,600 - INFO - clean up div
2024-08-09 07:36:07,635 - INFO - clean up div
2024-08-09 07:36:07,683 - INFO - clean up div
2024-08-09 07:36:07,724 - INFO - clean up div
2024-08-09 07:36:07,775 - INFO - clean up div
2024-08-09 07:36:07,827 - INFO - clean up div
2024-08-09 07:36:07,901 - INFO - clean up div
2024-08-09 07:36:07,936 - INFO - clean up div
2024-08-09 07:36:07,979 - INFO - clean up div
2024-08-09 07:36:08,016 - INFO - clean up div
2024-08-09 07:36:08,053 - INFO - clean up div
2024-08-09 07:36:08,092 - INFO - clean up div
2024-08-09 07:36:08,141 - INFO - clean up div
2024-08-09 07:36:08,176 - INFO - clean up div
2024-08-09 07:36:08,218 - INFO - clean up div
2024-08-09 07:36:08,506 - INFO - clean up div
2024-08-09 07:36:08,540 - INFO - clean up div
2024-08-09 07:36:08,584 - INFO - clean up div
2024-08-09 07:36:08,627 - INFO - clean up div
2024-08-09 07:36:08,765 - INFO - clean up div
2024-08-09 07:36:08,815 - INFO - clean up div
2024-08-09 07:36:08,875 - INFO - clean up div
2024-08-09 07:36:08,930 - INFO - clean up div
2024-08-09 07:36:09,011 - INFO - clean up div
2024-08-09 07:36:09,068 - INFO - clean up div
2024-08-09 07:36:09,108 - INFO - clean up div
2024-08-09 07:36:09,153 - INFO - clean up div
2024-08-09 07:36:09,189 - INFO - clean up div
2024-08-09 07:36:09,235 - INFO - clean up div
2024-08-09 07:36:09,270 - INFO - clean up div
2024-08-09 07:36:09,355 - INFO - clean up div
2024-08-09 07:36:09,395 - INFO - clean up div
2024-08-09 07:36:09,661 - INFO - clean up div
2024-08-09 07:36:09,718 - INFO - clean up div
2024-08-09 07:36:09,770 - INFO - clean up div
2024-08-09 07:36:09,809 - INFO - clean up div
2024-08-09 07:36:09,869 - INFO - clean up div
2024-08-09 07:36:09,939 - INFO - clean up div
2024-08-09 07:36:09,999 - INFO - clean up div
2024-08-09 07:36:10,048 - INFO - clean up div
2024-08-09 07:36:10,083 - INFO - clean up div
2024-08-09 07:36:10,147 - INFO - clean up div
2024-08-09 07:36:10,205 - INFO - clean up div
2024-08-09 07:36:14,005 - INFO - clean up div
2024-08-09 07:36:16,032 - ERROR - CAN NOT  PARSE DIV DATA!
ERORR:
Traceback (most recent call last):
  File "C:\Users\Sajjad\AppData\Local\Programs\Python\Python312\Lib\site-packages\urllib3\connection.py", line 196, in _new_conn
    sock = connection.create_connection(
           ^^^^^^^^^^^^^^^^^^^^^^^^^^^^^
  File "C:\Users\Sajjad\AppData\Local\Programs\Python\Python312\Lib\site-packages\urllib3\util\connection.py", line 85, in create_connection
    raise err
  File "C:\Users\Sajjad\AppData\Local\Programs\Python\Python312\Lib\site-packages\urllib3\util\connection.py", line 73, in create_connection
    sock.connect(sa)
ConnectionRefusedError: [WinError 10061] No connection could be made because the target machine actively refused it

The above exception was the direct cause of the following exception:

Traceback (most recent call last):
  File "C:\Users\Sajjad\AppData\Local\Programs\Python\Python312\Lib\site-packages\urllib3\connectionpool.py", line 789, in urlopen
    response = self._make_request(
               ^^^^^^^^^^^^^^^^^^^
  File "C:\Users\Sajjad\AppData\Local\Programs\Python\Python312\Lib\site-packages\urllib3\connectionpool.py", line 490, in _make_request
    raise new_e
  File "C:\Users\Sajjad\AppData\Local\Programs\Python\Python312\Lib\site-packages\urllib3\connectionpool.py", line 466, in _make_request
    self._validate_conn(conn)
  File "C:\Users\Sajjad\AppData\Local\Programs\Python\Python312\Lib\site-packages\urllib3\connectionpool.py", line 1095, in _validate_conn
    conn.connect()
  File "C:\Users\Sajjad\AppData\Local\Programs\Python\Python312\Lib\site-packages\urllib3\connection.py", line 615, in connect
    self.sock = sock = self._new_conn()
                       ^^^^^^^^^^^^^^^^
  File "C:\Users\Sajjad\AppData\Local\Programs\Python\Python312\Lib\site-packages\urllib3\connection.py", line 211, in _new_conn
    raise NewConnectionError(
urllib3.exceptions.NewConnectionError: <urllib3.connection.HTTPSConnection object at 0x00000174352C6C30>: Failed to establish a new connection: [WinError 10061] No connection could be made because the target machine actively refused it

The above exception was the direct cause of the following exception:

Traceback (most recent call last):
  File "C:\Users\Sajjad\AppData\Local\Programs\Python\Python312\Lib\site-packages\requests\adapters.py", line 667, in send
    resp = conn.urlopen(
           ^^^^^^^^^^^^^
  File "C:\Users\Sajjad\AppData\Local\Programs\Python\Python312\Lib\site-packages\urllib3\connectionpool.py", line 843, in urlopen
    retries = retries.increment(
              ^^^^^^^^^^^^^^^^^^
  File "C:\Users\Sajjad\AppData\Local\Programs\Python\Python312\Lib\site-packages\urllib3\util\retry.py", line 519, in increment
    raise MaxRetryError(_pool, url, reason) from reason  # type: ignore[arg-type]
    ^^^^^^^^^^^^^^^^^^^^^^^^^^^^^^^^^^^^^^^^^^^^^^^^^^^
urllib3.exceptions.MaxRetryError: HTTPSConnectionPool(host='api.divar.ir', port=443): Max retries exceeded with url: /v8/posts-v2/web/gZ3WGNlB (Caused by NewConnectionError('<urllib3.connection.HTTPSConnection object at 0x00000174352C6C30>: Failed to establish a new connection: [WinError 10061] No connection could be made because the target machine actively refused it'))

During handling of the above exception, another exception occurred:

Traceback (most recent call last):
  File "C:\Users\Sajjad\Documents\sc_ads\parser/lev1_parser/div_lev1_parser\div_parser_lev1.py", line 49, in <module>
    response = requests.get(url)
               ^^^^^^^^^^^^^^^^^
  File "C:\Users\Sajjad\AppData\Local\Programs\Python\Python312\Lib\site-packages\requests\api.py", line 73, in get
    return request("get", url, params=params, **kwargs)
           ^^^^^^^^^^^^^^^^^^^^^^^^^^^^^^^^^^^^^^^^^^^^
  File "C:\Users\Sajjad\AppData\Local\Programs\Python\Python312\Lib\site-packages\requests\api.py", line 59, in request
    return session.request(method=method, url=url, **kwargs)
           ^^^^^^^^^^^^^^^^^^^^^^^^^^^^^^^^^^^^^^^^^^^^^^^^^
  File "C:\Users\Sajjad\AppData\Local\Programs\Python\Python312\Lib\site-packages\requests\sessions.py", line 589, in request
    resp = self.send(prep, **send_kwargs)
           ^^^^^^^^^^^^^^^^^^^^^^^^^^^^^^
  File "C:\Users\Sajjad\AppData\Local\Programs\Python\Python312\Lib\site-packages\requests\sessions.py", line 703, in send
    r = adapter.send(request, **kwargs)
        ^^^^^^^^^^^^^^^^^^^^^^^^^^^^^^^
  File "C:\Users\Sajjad\AppData\Local\Programs\Python\Python312\Lib\site-packages\requests\adapters.py", line 700, in send
    raise ConnectionError(e, request=request)
requests.exceptions.ConnectionError: HTTPSConnectionPool(host='api.divar.ir', port=443): Max retries exceeded with url: /v8/posts-v2/web/gZ3WGNlB (Caused by NewConnectionError('<urllib3.connection.HTTPSConnection object at 0x00000174352C6C30>: Failed to establish a new connection: [WinError 10061] No connection could be made because the target machine actively refused it'))
2024-08-09 07:36:18,081 - ERROR - CAN NOT  PARSE DIV DATA!
ERORR:
Traceback (most recent call last):
  File "C:\Users\Sajjad\AppData\Local\Programs\Python\Python312\Lib\site-packages\urllib3\connection.py", line 196, in _new_conn
    sock = connection.create_connection(
           ^^^^^^^^^^^^^^^^^^^^^^^^^^^^^
  File "C:\Users\Sajjad\AppData\Local\Programs\Python\Python312\Lib\site-packages\urllib3\util\connection.py", line 85, in create_connection
    raise err
  File "C:\Users\Sajjad\AppData\Local\Programs\Python\Python312\Lib\site-packages\urllib3\util\connection.py", line 73, in create_connection
    sock.connect(sa)
ConnectionRefusedError: [WinError 10061] No connection could be made because the target machine actively refused it

The above exception was the direct cause of the following exception:

Traceback (most recent call last):
  File "C:\Users\Sajjad\AppData\Local\Programs\Python\Python312\Lib\site-packages\urllib3\connectionpool.py", line 789, in urlopen
    response = self._make_request(
               ^^^^^^^^^^^^^^^^^^^
  File "C:\Users\Sajjad\AppData\Local\Programs\Python\Python312\Lib\site-packages\urllib3\connectionpool.py", line 490, in _make_request
    raise new_e
  File "C:\Users\Sajjad\AppData\Local\Programs\Python\Python312\Lib\site-packages\urllib3\connectionpool.py", line 466, in _make_request
    self._validate_conn(conn)
  File "C:\Users\Sajjad\AppData\Local\Programs\Python\Python312\Lib\site-packages\urllib3\connectionpool.py", line 1095, in _validate_conn
    conn.connect()
  File "C:\Users\Sajjad\AppData\Local\Programs\Python\Python312\Lib\site-packages\urllib3\connection.py", line 615, in connect
    self.sock = sock = self._new_conn()
                       ^^^^^^^^^^^^^^^^
  File "C:\Users\Sajjad\AppData\Local\Programs\Python\Python312\Lib\site-packages\urllib3\connection.py", line 211, in _new_conn
    raise NewConnectionError(
urllib3.exceptions.NewConnectionError: <urllib3.connection.HTTPSConnection object at 0x000001743530EF30>: Failed to establish a new connection: [WinError 10061] No connection could be made because the target machine actively refused it

The above exception was the direct cause of the following exception:

Traceback (most recent call last):
  File "C:\Users\Sajjad\AppData\Local\Programs\Python\Python312\Lib\site-packages\requests\adapters.py", line 667, in send
    resp = conn.urlopen(
           ^^^^^^^^^^^^^
  File "C:\Users\Sajjad\AppData\Local\Programs\Python\Python312\Lib\site-packages\urllib3\connectionpool.py", line 843, in urlopen
    retries = retries.increment(
              ^^^^^^^^^^^^^^^^^^
  File "C:\Users\Sajjad\AppData\Local\Programs\Python\Python312\Lib\site-packages\urllib3\util\retry.py", line 519, in increment
    raise MaxRetryError(_pool, url, reason) from reason  # type: ignore[arg-type]
    ^^^^^^^^^^^^^^^^^^^^^^^^^^^^^^^^^^^^^^^^^^^^^^^^^^^
urllib3.exceptions.MaxRetryError: HTTPSConnectionPool(host='api.divar.ir', port=443): Max retries exceeded with url: /v8/posts-v2/web/gZ3SmkB1 (Caused by NewConnectionError('<urllib3.connection.HTTPSConnection object at 0x000001743530EF30>: Failed to establish a new connection: [WinError 10061] No connection could be made because the target machine actively refused it'))

During handling of the above exception, another exception occurred:

Traceback (most recent call last):
  File "C:\Users\Sajjad\Documents\sc_ads\parser/lev1_parser/div_lev1_parser\div_parser_lev1.py", line 49, in <module>
    response = requests.get(url)
               ^^^^^^^^^^^^^^^^^
  File "C:\Users\Sajjad\AppData\Local\Programs\Python\Python312\Lib\site-packages\requests\api.py", line 73, in get
    return request("get", url, params=params, **kwargs)
           ^^^^^^^^^^^^^^^^^^^^^^^^^^^^^^^^^^^^^^^^^^^^
  File "C:\Users\Sajjad\AppData\Local\Programs\Python\Python312\Lib\site-packages\requests\api.py", line 59, in request
    return session.request(method=method, url=url, **kwargs)
           ^^^^^^^^^^^^^^^^^^^^^^^^^^^^^^^^^^^^^^^^^^^^^^^^^
  File "C:\Users\Sajjad\AppData\Local\Programs\Python\Python312\Lib\site-packages\requests\sessions.py", line 589, in request
    resp = self.send(prep, **send_kwargs)
           ^^^^^^^^^^^^^^^^^^^^^^^^^^^^^^
  File "C:\Users\Sajjad\AppData\Local\Programs\Python\Python312\Lib\site-packages\requests\sessions.py", line 703, in send
    r = adapter.send(request, **kwargs)
        ^^^^^^^^^^^^^^^^^^^^^^^^^^^^^^^
  File "C:\Users\Sajjad\AppData\Local\Programs\Python\Python312\Lib\site-packages\requests\adapters.py", line 700, in send
    raise ConnectionError(e, request=request)
requests.exceptions.ConnectionError: HTTPSConnectionPool(host='api.divar.ir', port=443): Max retries exceeded with url: /v8/posts-v2/web/gZ3SmkB1 (Caused by NewConnectionError('<urllib3.connection.HTTPSConnection object at 0x000001743530EF30>: Failed to establish a new connection: [WinError 10061] No connection could be made because the target machine actively refused it'))
2024-08-09 07:36:33,044 - INFO - clean up div
2024-08-09 07:36:33,091 - INFO - clean up div
2024-08-09 07:36:33,158 - INFO - clean up div
2024-08-09 07:36:33,205 - INFO - clean up div
2024-08-09 07:36:33,246 - INFO - clean up div
2024-08-09 07:36:33,287 - INFO - clean up div
2024-08-09 07:36:33,386 - INFO - clean up div
2024-08-09 07:36:33,429 - INFO - clean up div
2024-08-09 07:36:33,490 - INFO - clean up div
2024-08-09 07:36:33,552 - INFO - clean up div
2024-08-09 07:36:33,591 - INFO - clean up div
2024-08-09 07:36:33,630 - INFO - clean up div
2024-08-09 07:36:33,670 - INFO - clean up div
2024-08-09 07:36:33,708 - INFO - clean up div
2024-08-09 07:36:33,752 - INFO - clean up div
2024-08-09 07:36:33,789 - INFO - clean up div
2024-08-09 07:36:33,825 - INFO - clean up div
2024-08-09 07:36:33,908 - INFO - clean up div
2024-08-09 07:36:33,981 - INFO - clean up div
2024-08-09 07:36:34,026 - INFO - clean up div
2024-08-09 07:36:34,074 - INFO - clean up div
2024-08-09 07:36:34,112 - INFO - clean up div
2024-08-09 07:36:34,196 - INFO - clean up div
2024-08-09 07:36:34,242 - INFO - clean up div
2024-08-09 07:36:34,280 - INFO - clean up div
2024-08-09 07:36:34,340 - INFO - clean up div
2024-08-09 07:36:34,382 - INFO - clean up div
2024-08-09 07:36:34,447 - INFO - clean up div
2024-08-09 07:36:34,489 - INFO - clean up div
2024-08-09 07:36:37,556 - INFO - clean up div
2024-08-09 07:36:37,605 - INFO - clean up div
2024-08-09 07:36:37,642 - INFO - clean up div
2024-08-09 07:36:37,707 - INFO - clean up div
2024-08-09 07:36:37,749 - INFO - clean up div
2024-08-09 07:36:37,850 - INFO - clean up div
2024-08-09 07:36:37,895 - INFO - clean up div
2024-08-09 07:36:37,936 - INFO - clean up div
2024-08-09 07:36:37,973 - INFO - clean up div
2024-08-09 07:36:38,019 - INFO - clean up div
2024-08-09 07:36:38,056 - INFO - clean up div
2024-08-09 07:36:38,123 - INFO - clean up div
2024-08-09 07:36:38,176 - INFO - clean up div
2024-08-09 07:36:38,219 - INFO - clean up div
2024-08-09 07:36:38,258 - INFO - clean up div
2024-08-09 07:36:38,307 - INFO - clean up div
2024-08-09 07:36:38,344 - INFO - clean up div
2024-08-09 07:36:38,423 - INFO - clean up div
2024-08-09 07:36:38,463 - INFO - clean up div
2024-08-09 07:36:38,505 - INFO - clean up div
2024-08-09 07:36:38,545 - INFO - clean up div
2024-08-09 07:36:38,640 - INFO - clean up div
2024-08-09 07:36:38,690 - INFO - clean up div
2024-08-09 07:36:38,739 - INFO - clean up div
2024-08-09 07:36:38,779 - INFO - clean up div
2024-08-09 07:36:38,855 - INFO - clean up div
2024-08-09 07:36:39,165 - INFO - clean up div
2024-08-09 07:36:39,209 - INFO - clean up div
2024-08-09 07:36:39,276 - INFO - clean up div
2024-08-09 07:36:39,328 - INFO - clean up div
2024-08-09 07:36:39,372 - INFO - clean up div
2024-08-09 07:36:39,407 - INFO - clean up div
2024-08-09 07:36:39,458 - INFO - clean up div
2024-08-09 07:36:39,493 - INFO - clean up div
2024-08-09 07:36:39,662 - INFO - clean up div
2024-08-09 07:36:39,721 - INFO - clean up div
2024-08-09 07:36:39,760 - INFO - clean up div
2024-08-09 07:36:39,837 - INFO - clean up div
2024-08-09 07:36:39,883 - INFO - clean up div
2024-08-09 07:36:39,986 - INFO - clean up div
2024-08-09 07:36:40,032 - INFO - clean up div
2024-08-09 07:36:40,069 - INFO - clean up div
2024-08-09 07:36:40,107 - INFO - clean up div
2024-08-09 07:36:40,179 - INFO - clean up div
2024-08-09 07:36:40,219 - INFO - clean up div
2024-08-09 07:36:40,260 - INFO - clean up div
2024-08-09 07:36:40,305 - INFO - clean up div
2024-08-09 07:36:40,344 - INFO - clean up div
2024-08-09 07:36:40,384 - INFO - clean up div
2024-08-09 07:36:40,430 - INFO - clean up div
2024-08-09 07:36:40,470 - INFO - clean up div
2024-08-09 07:36:40,507 - INFO - clean up div
2024-08-09 07:36:40,553 - INFO - clean up div
2024-08-09 07:36:40,593 - INFO - clean up div
2024-08-09 07:36:40,638 - INFO - clean up div
2024-08-09 07:36:40,677 - INFO - clean up div
2024-08-09 07:36:40,713 - INFO - clean up div
2024-08-09 07:36:40,766 - INFO - clean up div
2024-08-09 07:36:40,805 - INFO - clean up div
2024-08-09 07:36:40,842 - INFO - clean up div
2024-08-09 07:36:40,931 - INFO - clean up div
2024-08-09 07:36:40,969 - INFO - clean up div
2024-08-09 07:36:41,004 - INFO - clean up div
2024-08-09 07:36:41,047 - INFO - clean up div
2024-08-09 07:36:41,088 - INFO - clean up div
2024-08-09 07:36:41,140 - INFO - clean up div
2024-08-09 07:36:41,190 - INFO - clean up div
2024-08-09 07:36:41,240 - INFO - clean up div
2024-08-09 07:36:41,275 - INFO - clean up div
2024-08-09 07:36:41,328 - INFO - clean up div
2024-08-09 07:36:41,373 - INFO - clean up div
2024-08-09 07:36:41,408 - INFO - clean up div
2024-08-09 07:36:41,443 - INFO - clean up div
2024-08-09 07:36:41,481 - INFO - clean up div
2024-08-09 07:36:41,540 - INFO - clean up div
2024-08-09 07:36:41,604 - INFO - clean up div
2024-08-09 07:36:41,652 - INFO - clean up div
2024-08-09 07:36:41,685 - INFO - clean up div
2024-08-09 07:36:41,723 - INFO - clean up div
2024-08-09 07:36:41,760 - INFO - clean up div
2024-08-09 07:36:41,809 - INFO - clean up div
2024-08-09 07:36:41,855 - INFO - clean up div
2024-08-09 07:36:41,898 - INFO - clean up div
2024-08-09 07:36:41,948 - INFO - clean up div
2024-08-09 07:36:41,985 - INFO - clean up div
2024-08-09 07:36:42,026 - INFO - clean up div
2024-08-09 07:36:42,069 - INFO - clean up div
2024-08-09 07:36:42,108 - INFO - clean up div
2024-08-09 07:36:42,161 - INFO - clean up div
2024-08-09 07:36:42,733 - INFO - clean up div
2024-08-09 07:38:09,396 - INFO - clean up div
2024-08-09 07:38:09,456 - INFO - clean up div
2024-08-09 07:38:09,773 - INFO - clean up div
2024-08-09 07:38:09,845 - INFO - clean up div
2024-08-09 07:38:09,910 - INFO - clean up div
2024-08-09 07:38:09,980 - INFO - clean up div
2024-08-09 07:38:10,047 - INFO - clean up div
2024-08-09 07:38:10,116 - INFO - clean up div
2024-08-09 07:38:10,196 - INFO - clean up div
2024-08-09 07:38:10,268 - INFO - clean up div
2024-08-09 07:38:10,326 - INFO - clean up div
2024-08-09 07:38:10,391 - INFO - clean up div
2024-08-09 07:38:10,465 - INFO - clean up div
2024-08-09 07:38:10,574 - INFO - clean up div
2024-08-09 07:38:10,644 - INFO - clean up div
2024-08-09 07:38:10,707 - INFO - clean up div
2024-08-09 07:38:10,789 - INFO - clean up div
2024-08-09 07:38:11,181 - INFO - clean up div
2024-08-09 07:38:11,254 - INFO - clean up div
2024-08-09 07:38:11,335 - INFO - clean up div
2024-08-09 07:38:11,418 - INFO - clean up div
2024-08-09 07:38:11,496 - INFO - clean up div
2024-08-09 07:38:11,559 - INFO - clean up div
2024-08-09 07:38:11,634 - INFO - clean up div
2024-08-09 07:38:11,723 - INFO - clean up div
2024-08-09 07:38:11,794 - INFO - clean up div
2024-08-09 07:38:11,867 - INFO - clean up div
2024-08-09 07:38:11,953 - INFO - clean up div
2024-08-09 07:38:12,052 - INFO - clean up div
2024-08-09 07:38:12,174 - INFO - clean up div
2024-08-09 07:38:12,283 - INFO - clean up div
2024-08-09 07:38:12,452 - INFO - clean up div
2024-08-09 07:38:12,571 - INFO - clean up div
2024-08-09 07:38:12,678 - INFO - clean up div
2024-08-09 07:38:12,802 - INFO - clean up div
2024-08-09 07:38:12,902 - INFO - clean up div
2024-08-09 07:38:13,027 - INFO - clean up div
2024-08-09 07:38:13,224 - INFO - clean up div
2024-08-09 07:38:13,330 - INFO - clean up div
2024-08-09 07:38:13,436 - INFO - clean up div
2024-08-09 07:38:13,566 - INFO - clean up div
2024-08-09 07:38:13,668 - INFO - clean up div
2024-08-09 07:38:13,779 - INFO - clean up div
2024-08-09 07:38:13,881 - INFO - clean up div
2024-08-09 07:38:14,018 - INFO - clean up div
2024-08-09 07:38:14,143 - INFO - clean up div
2024-08-09 07:38:14,271 - INFO - clean up div
2024-08-09 07:38:14,377 - INFO - clean up div
2024-08-09 07:38:14,505 - INFO - clean up div
2024-08-09 07:38:14,612 - INFO - clean up div
2024-08-09 07:38:14,720 - INFO - clean up div
2024-08-09 07:38:14,816 - INFO - clean up div
2024-08-09 07:38:14,916 - INFO - clean up div
2024-08-09 07:38:15,019 - INFO - clean up div
2024-08-09 07:38:15,124 - INFO - clean up div
2024-08-09 07:38:15,242 - INFO - clean up div
2024-08-09 07:38:15,342 - INFO - clean up div
2024-08-09 07:38:15,450 - INFO - clean up div
2024-08-09 07:38:15,576 - INFO - clean up div
2024-08-09 07:38:15,683 - INFO - clean up div
2024-08-09 07:38:15,789 - INFO - clean up div
2024-08-09 07:38:15,943 - INFO - clean up div
2024-08-09 07:38:16,179 - INFO - clean up div
2024-08-09 07:38:16,333 - INFO - clean up div
2024-08-09 07:38:16,437 - INFO - clean up div
2024-08-09 07:38:16,539 - INFO - clean up div
2024-08-09 07:38:16,649 - INFO - clean up div
2024-08-09 07:38:16,774 - INFO - clean up div
2024-08-09 07:38:16,879 - INFO - clean up div
2024-08-09 07:38:16,997 - INFO - clean up div
2024-08-09 07:38:17,101 - INFO - clean up div
2024-08-09 07:38:17,218 - INFO - clean up div
2024-08-09 07:38:17,356 - INFO - clean up div
2024-08-09 07:38:17,456 - INFO - clean up div
2024-08-09 07:38:17,560 - INFO - clean up div
2024-08-09 07:38:17,663 - INFO - clean up div
2024-08-09 07:38:17,769 - INFO - clean up div
2024-08-09 07:38:17,915 - INFO - clean up div
2024-08-09 07:38:18,015 - INFO - clean up div
2024-08-09 07:38:18,126 - INFO - clean up div
2024-08-09 07:38:18,258 - INFO - clean up div
2024-08-09 07:38:18,369 - INFO - clean up div
2024-08-09 07:38:18,494 - INFO - clean up div
2024-08-09 07:38:18,688 - INFO - clean up div
2024-08-09 07:38:18,800 - INFO - clean up div
2024-08-09 07:38:18,904 - INFO - clean up div
2024-08-09 07:38:19,032 - INFO - clean up div
2024-08-09 07:38:19,152 - INFO - clean up div
2024-08-09 07:38:19,279 - INFO - clean up div
2024-08-09 07:38:19,432 - INFO - clean up div
2024-08-09 07:38:19,541 - INFO - clean up div
2024-08-09 07:38:19,668 - INFO - clean up div
2024-08-09 07:38:19,837 - INFO - clean up div
2024-08-09 07:38:19,928 - INFO - clean up div
2024-08-09 07:38:20,029 - INFO - clean up div
2024-08-09 07:38:20,132 - INFO - clean up div
2024-08-09 07:38:20,233 - INFO - clean up div
2024-08-09 07:38:20,335 - INFO - clean up div
2024-08-09 07:38:20,451 - INFO - clean up div
2024-08-09 07:38:20,577 - INFO - clean up div
2024-08-09 07:38:20,689 - INFO - clean up div
2024-08-09 07:38:20,802 - INFO - clean up div
2024-08-09 07:38:20,910 - INFO - clean up div
2024-08-09 07:38:21,024 - INFO - clean up div
2024-08-09 07:38:21,134 - INFO - clean up div
2024-08-09 07:38:21,254 - INFO - clean up div
2024-08-09 07:38:21,364 - INFO - clean up div
2024-08-09 07:38:21,506 - INFO - clean up div
2024-08-09 07:38:21,610 - INFO - clean up div
2024-08-09 07:38:21,727 - INFO - clean up div
2024-08-09 07:38:21,825 - INFO - clean up div
2024-08-09 07:38:22,024 - INFO - clean up div
2024-08-09 07:38:22,307 - INFO - clean up div
2024-08-09 07:38:22,490 - INFO - clean up div
2024-08-09 07:38:22,688 - INFO - clean up div
2024-08-09 07:38:22,904 - INFO - clean up div
2024-08-09 07:38:23,735 - INFO - clean up div
2024-08-09 07:38:23,844 - INFO - clean up div
2024-08-09 07:38:24,138 - INFO - clean up div
2024-08-09 07:38:24,319 - INFO - clean up div
2024-08-09 07:49:51,714 - INFO - clean up div
2024-08-09 07:49:51,760 - INFO - clean up div
2024-08-09 07:49:51,800 - INFO - clean up div
2024-08-09 07:49:51,836 - INFO - clean up div
2024-08-09 07:49:51,877 - INFO - clean up div
2024-08-09 07:49:51,936 - INFO - clean up div
2024-08-09 07:49:51,991 - INFO - clean up div
2024-08-09 07:49:52,049 - INFO - clean up div
2024-08-09 07:49:52,096 - INFO - clean up div
2024-08-09 07:49:55,152 - INFO - clean up div
2024-08-09 07:49:55,222 - INFO - clean up div
2024-08-09 07:49:55,280 - INFO - clean up div
2024-08-09 07:49:55,332 - INFO - clean up div
2024-08-09 07:49:55,386 - INFO - clean up div
2024-08-09 07:49:55,433 - INFO - clean up div
2024-08-09 07:49:55,502 - INFO - clean up div
2024-08-09 07:49:55,609 - INFO - clean up div
2024-08-09 07:49:55,667 - INFO - clean up div
2024-08-09 07:49:56,330 - INFO - clean up div
2024-08-09 07:49:56,406 - INFO - clean up div
2024-08-09 07:49:56,455 - INFO - clean up div
2024-08-09 07:49:56,501 - INFO - clean up div
2024-08-09 07:49:56,551 - INFO - clean up div
2024-08-09 07:49:56,611 - INFO - clean up div
2024-08-09 07:49:56,650 - INFO - clean up div
2024-08-09 07:49:56,695 - INFO - clean up div
2024-08-09 07:49:56,747 - INFO - clean up div
2024-08-09 07:49:56,788 - INFO - clean up div
2024-08-09 07:49:56,840 - INFO - clean up div
2024-08-09 07:49:56,884 - INFO - clean up div
2024-08-09 07:49:56,930 - INFO - clean up div
2024-08-09 07:49:56,975 - INFO - clean up div
2024-08-09 07:49:57,024 - INFO - clean up div
2024-08-09 07:49:57,071 - INFO - clean up div
2024-08-09 07:49:57,237 - INFO - clean up div
2024-08-09 07:49:57,313 - INFO - clean up div
2024-08-09 07:49:57,349 - INFO - clean up div
2024-08-09 07:49:57,397 - INFO - clean up div
2024-08-09 07:49:57,443 - INFO - clean up div
2024-08-09 07:49:57,504 - INFO - clean up div
2024-08-09 07:49:57,564 - INFO - clean up div
2024-08-09 07:49:57,617 - INFO - clean up div
2024-08-09 07:49:57,654 - INFO - clean up div
2024-08-09 07:49:57,702 - INFO - clean up div
2024-08-09 07:49:57,763 - INFO - clean up div
2024-08-09 07:49:57,811 - INFO - clean up div
2024-08-09 07:49:57,853 - INFO - clean up div
2024-08-09 07:49:57,892 - INFO - clean up div
2024-08-09 07:49:57,968 - INFO - clean up div
2024-08-09 07:49:58,057 - INFO - clean up div
2024-08-09 07:49:58,117 - INFO - clean up div
2024-08-09 07:49:58,156 - INFO - clean up div
2024-08-09 07:49:58,202 - INFO - clean up div
2024-08-09 07:49:58,240 - INFO - clean up div
2024-08-09 07:49:58,290 - INFO - clean up div
2024-08-09 07:49:58,338 - INFO - clean up div
2024-08-09 07:49:58,376 - INFO - clean up div
2024-08-09 07:49:58,438 - INFO - clean up div
2024-08-09 07:49:58,478 - INFO - clean up div
2024-08-09 07:49:58,526 - INFO - clean up div
2024-08-09 07:49:58,596 - INFO - clean up div
2024-08-09 07:49:58,643 - INFO - clean up div
2024-08-09 07:49:58,683 - INFO - clean up div
2024-08-09 07:49:58,728 - INFO - clean up div
2024-08-09 07:49:58,765 - INFO - clean up div
2024-08-09 07:49:58,809 - INFO - clean up div
2024-08-09 07:49:58,847 - INFO - clean up div
2024-08-09 07:49:58,895 - INFO - clean up div
2024-08-09 07:49:58,930 - INFO - clean up div
2024-08-09 07:49:58,997 - INFO - clean up div
2024-08-09 07:49:59,036 - INFO - clean up div
2024-08-09 07:49:59,079 - INFO - clean up div
2024-08-09 07:49:59,119 - INFO - clean up div
2024-08-09 07:49:59,168 - INFO - clean up div
2024-08-09 07:49:59,211 - INFO - clean up div
2024-08-09 07:49:59,254 - INFO - clean up div
2024-08-09 07:49:59,297 - INFO - clean up div
2024-08-09 07:49:59,351 - INFO - clean up div
2024-08-09 07:49:59,399 - INFO - clean up div
2024-08-09 07:49:59,441 - INFO - clean up div
2024-08-09 07:49:59,497 - INFO - clean up div
2024-08-09 07:49:59,542 - INFO - clean up div
2024-08-09 07:49:59,579 - INFO - clean up div
2024-08-09 07:49:59,617 - INFO - clean up div
2024-08-09 07:49:59,695 - INFO - clean up div
2024-08-09 07:49:59,730 - INFO - clean up div
2024-08-09 07:49:59,769 - INFO - clean up div
2024-08-09 07:49:59,817 - INFO - clean up div
2024-08-09 07:49:59,867 - INFO - clean up div
2024-08-09 07:49:59,916 - INFO - clean up div
2024-08-09 07:49:59,954 - INFO - clean up div
2024-08-09 07:50:00,003 - INFO - clean up div
2024-08-09 07:50:00,049 - INFO - clean up div
2024-08-09 07:50:00,115 - INFO - clean up div
2024-08-09 07:50:00,168 - INFO - clean up div
2024-08-09 07:50:00,217 - INFO - clean up div
2024-08-09 07:50:00,267 - INFO - clean up div
2024-08-09 07:50:00,303 - INFO - clean up div
2024-08-09 07:50:00,352 - INFO - clean up div
2024-08-09 07:50:00,401 - INFO - clean up div
2024-08-09 07:50:00,442 - INFO - clean up div
2024-08-09 07:50:00,485 - INFO - clean up div
2024-08-09 07:50:00,532 - INFO - clean up div
2024-08-09 07:50:00,580 - INFO - clean up div
2024-08-09 07:50:00,621 - INFO - clean up div
2024-08-09 07:50:00,660 - INFO - clean up div
2024-08-09 07:50:00,708 - INFO - clean up div
2024-08-09 07:50:00,761 - INFO - clean up div
2024-08-09 07:50:00,806 - INFO - clean up div
2024-08-09 07:50:00,851 - INFO - clean up div
2024-08-09 07:50:00,912 - INFO - clean up div
2024-08-09 07:50:01,238 - INFO - clean up div
2024-08-09 07:50:01,274 - INFO - clean up div
2024-08-09 07:50:01,362 - INFO - clean up div
2024-08-09 07:50:01,405 - INFO - clean up div
2024-08-09 07:50:01,452 - INFO - clean up div
2024-08-09 07:50:01,621 - INFO - clean up div
2024-08-09 07:50:01,688 - INFO - clean up div
2024-08-09 07:51:01,878 - INFO - clean up div
2024-08-09 07:51:01,971 - INFO - clean up div
2024-08-09 07:51:02,919 - INFO - clean up div
2024-08-09 07:51:03,023 - INFO - clean up div
2024-08-09 07:51:03,181 - INFO - clean up div
2024-08-09 07:51:03,283 - INFO - clean up div
2024-08-09 07:51:03,403 - INFO - clean up div
2024-08-09 07:51:03,522 - INFO - clean up div
2024-08-09 07:51:03,695 - INFO - clean up div
2024-08-09 07:51:04,066 - INFO - clean up div
2024-08-09 07:51:04,163 - INFO - clean up div
2024-08-09 07:51:04,248 - INFO - clean up div
2024-08-09 07:51:04,335 - INFO - clean up div
2024-08-09 07:51:04,422 - INFO - clean up div
2024-08-09 07:51:04,516 - INFO - clean up div
2024-08-09 07:51:04,633 - INFO - clean up div
2024-08-09 07:51:04,804 - INFO - clean up div
2024-08-09 07:51:04,916 - INFO - clean up div
2024-08-09 07:51:05,060 - INFO - clean up div
2024-08-09 07:51:05,154 - INFO - clean up div
2024-08-09 07:51:05,263 - INFO - clean up div
2024-08-09 07:51:05,364 - INFO - clean up div
2024-08-09 07:51:05,468 - INFO - clean up div
2024-08-09 07:51:05,571 - INFO - clean up div
2024-08-09 07:51:05,673 - INFO - clean up div
2024-08-09 07:51:05,766 - INFO - clean up div
2024-08-09 07:51:05,860 - INFO - clean up div
2024-08-09 07:51:05,987 - INFO - clean up div
2024-08-09 07:51:06,067 - INFO - clean up div
2024-08-09 07:51:06,164 - INFO - clean up div
2024-08-09 07:51:06,249 - INFO - clean up div
2024-08-09 07:51:06,331 - INFO - clean up div
2024-08-09 07:51:06,424 - INFO - clean up div
2024-08-09 07:51:06,548 - INFO - clean up div
2024-08-09 07:51:06,642 - INFO - clean up div
2024-08-09 07:51:06,783 - INFO - clean up div
2024-08-09 07:51:06,927 - INFO - clean up div
2024-08-09 07:51:07,031 - INFO - clean up div
2024-08-09 07:51:07,119 - INFO - clean up div
2024-08-09 07:51:07,209 - INFO - clean up div
2024-08-09 07:51:07,319 - INFO - clean up div
2024-08-09 07:51:07,409 - INFO - clean up div
2024-08-09 07:51:07,514 - INFO - clean up div
2024-08-09 07:51:07,608 - INFO - clean up div
2024-08-09 07:51:07,715 - INFO - clean up div
2024-08-09 07:51:07,822 - INFO - clean up div
2024-08-09 07:51:07,931 - INFO - clean up div
2024-08-09 07:51:08,042 - INFO - clean up div
2024-08-09 07:51:08,146 - INFO - clean up div
2024-08-09 07:51:08,262 - INFO - clean up div
2024-08-09 07:51:08,348 - INFO - clean up div
2024-08-09 07:51:08,436 - INFO - clean up div
2024-08-09 07:51:08,523 - INFO - clean up div
2024-08-09 07:51:08,591 - INFO - clean up div
2024-08-09 07:51:08,671 - INFO - clean up div
2024-08-09 07:51:08,738 - INFO - clean up div
2024-08-09 07:51:08,816 - INFO - clean up div
2024-08-09 07:51:08,977 - INFO - clean up div
2024-08-09 07:51:09,071 - INFO - clean up div
2024-08-09 07:51:09,141 - INFO - clean up div
2024-08-09 07:51:09,235 - INFO - clean up div
2024-08-09 07:51:09,332 - INFO - clean up div
2024-08-09 07:51:09,446 - INFO - clean up div
2024-08-09 07:51:09,522 - INFO - clean up div
2024-08-09 07:51:09,606 - INFO - clean up div
2024-08-09 07:51:09,696 - INFO - clean up div
2024-08-09 07:51:09,781 - INFO - clean up div
2024-08-09 07:51:09,892 - INFO - clean up div
2024-08-09 07:51:09,983 - INFO - clean up div
2024-08-09 07:51:10,073 - INFO - clean up div
2024-08-09 07:51:10,187 - INFO - clean up div
2024-08-09 07:51:10,279 - INFO - clean up div
2024-08-09 07:51:10,391 - INFO - clean up div
2024-08-09 07:51:10,548 - INFO - clean up div
2024-08-09 07:51:10,656 - INFO - clean up div
2024-08-09 07:51:10,757 - INFO - clean up div
2024-08-09 07:51:10,852 - INFO - clean up div
2024-08-09 07:51:10,950 - INFO - clean up div
2024-08-09 07:51:11,057 - INFO - clean up div
2024-08-09 07:51:11,157 - INFO - clean up div
2024-08-09 07:51:11,270 - INFO - clean up div
2024-08-09 07:51:11,414 - INFO - clean up div
2024-08-09 07:51:11,551 - INFO - clean up div
2024-08-09 07:51:11,651 - INFO - clean up div
2024-08-09 07:51:11,762 - INFO - clean up div
2024-08-09 07:51:11,871 - INFO - clean up div
2024-08-09 07:51:11,978 - INFO - clean up div
2024-08-09 07:51:12,269 - INFO - clean up div
2024-08-09 07:51:12,394 - INFO - clean up div
2024-08-09 07:51:12,509 - INFO - clean up div
2024-08-09 07:51:12,615 - INFO - clean up div
2024-08-09 07:51:12,736 - INFO - clean up div
2024-08-09 07:51:12,852 - INFO - clean up div
2024-08-09 07:51:12,956 - INFO - clean up div
2024-08-09 07:51:13,085 - INFO - clean up div
2024-08-09 07:51:13,196 - INFO - clean up div
2024-08-09 07:51:13,283 - INFO - clean up div
2024-08-09 07:51:13,412 - INFO - clean up div
2024-08-09 07:51:13,506 - INFO - clean up div
2024-08-09 07:51:13,595 - INFO - clean up div
2024-08-09 07:51:13,694 - INFO - clean up div
2024-08-09 07:51:13,793 - INFO - clean up div
2024-08-09 07:51:13,899 - INFO - clean up div
2024-08-09 07:51:13,991 - INFO - clean up div
2024-08-09 07:51:14,102 - INFO - clean up div
2024-08-09 07:51:14,192 - INFO - clean up div
2024-08-09 07:51:14,304 - INFO - clean up div
2024-08-09 07:51:14,484 - INFO - clean up div
2024-08-09 07:51:14,586 - INFO - clean up div
2024-08-09 07:51:14,780 - INFO - clean up div
2024-08-09 07:51:15,090 - INFO - clean up div
2024-08-09 07:51:15,365 - INFO - clean up div
2024-08-09 07:51:15,488 - INFO - clean up div
2024-08-09 07:51:15,597 - INFO - clean up div
2024-08-09 07:51:15,712 - INFO - clean up div
2024-08-09 07:51:15,839 - INFO - clean up div
2024-08-09 07:51:16,065 - INFO - clean up div
2024-08-09 07:51:16,203 - INFO - clean up div
2024-08-09 07:51:17,273 - INFO - clean up div
2024-08-09 07:51:18,752 - INFO - clean up div
2024-08-09 07:56:30,162 - INFO - clean up div
